<?xml version="1.0" encoding="UTF-8"?>
<!-- Generated by org.testng.reporters.JUnitReportReporter -->
<testsuite skipped="0" hostname="Mani" name="org.tcs.login.Amazon" tests="1" failures="0" timestamp="28 Sep 2018 06:44:36 GMT" time="22.496" errors="0">
  <testcase name="test1" time="22.496" classname="org.tcs.login.Amazon"/>
</testsuite> <!-- org.tcs.login.Amazon -->
